<?xml version="1.0" encoding="UTF-8"?>
<!-- Generated by org.testng.reporters.JUnitReportReporter -->
<testsuite hostname="DESKTOP-4OTE5SI" failures="0" tests="4" name="CRMloginTest.Login" time="56.457" errors="0" timestamp="04 Aug 2020 20:46:07 GMT" skipped="0">
  <testcase classname="CRMloginTest.Login" name="login3" time="13.811"/>
  <testcase classname="CRMloginTest.Login" name="login4" time="14.691"/>
  <testcase classname="CRMloginTest.Login" name="login1" time="13.883"/>
  <testcase classname="CRMloginTest.Login" name="login2" time="14.072"/>
</testsuite> <!-- CRMloginTest.Login -->
